[0.337s] DEBUG:colcon:Command line arguments: ['/usr/bin/colcon', 'list', '-p', '--base-paths', '/home/jh/Dev/dp3_chart_sim_ws/src/DP3_Chart_Simulation']
[0.338s] DEBUG:colcon:Parsed command line arguments: Namespace(base_paths=['/home/jh/Dev/dp3_chart_sim_ws/src/DP3_Chart_Simulation'], build_base='build', ignore_user_meta=False, log_base=None, log_level=None, main=<bound method ListVerb.main of <colcon_package_information.verb.list.ListVerb object at 0x7f8bbf2af7c0>>, metas=['./colcon.meta'], names_only=False, packages_above=None, packages_above_and_dependencies=None, packages_above_depth=None, packages_end=None, packages_ignore=None, packages_ignore_regex=None, packages_select=None, packages_select_build_failed=False, packages_select_by_dep=None, packages_select_regex=None, packages_select_test_failures=False, packages_skip=None, packages_skip_build_finished=False, packages_skip_by_dep=None, packages_skip_regex=None, packages_skip_test_passed=False, packages_skip_up_to=None, packages_start=None, packages_up_to=None, packages_up_to_regex=None, paths=None, paths_only=True, topological_graph=False, topological_graph_density=False, topological_graph_dot=False, topological_graph_dot_cluster=False, topological_graph_dot_include_skipped=False, topological_graph_legend=False, topological_order=False, verb_extension=<colcon_package_information.verb.list.ListVerb object at 0x7f8bbf2af7c0>, verb_name='list', verb_parser=<colcon_defaults.argument_parser.defaults.DefaultArgumentsDecorator object at 0x7f8bbf169100>)
[0.364s] Level 1:colcon.colcon_core.package_discovery:discover_packages(colcon_meta) check parameters
[0.365s] Level 1:colcon.colcon_core.package_discovery:discover_packages(recursive) check parameters
[0.365s] Level 1:colcon.colcon_core.package_discovery:discover_packages(ignore) check parameters
[0.365s] Level 1:colcon.colcon_core.package_discovery:discover_packages(path) check parameters
[0.365s] Level 1:colcon.colcon_core.package_discovery:discover_packages(recursive) discover
[0.365s] INFO:colcon.colcon_core.package_discovery:Crawling recursively for packages in '/home/jh/Dev/dp3_chart_sim_ws/src/DP3_Chart_Simulation'
[0.365s] Level 1:colcon.colcon_core.package_identification:_identify(/home/jh/Dev/dp3_chart_sim_ws/src/DP3_Chart_Simulation) by extensions ['ignore', 'ignore_ament_install']
[0.365s] Level 1:colcon.colcon_core.package_identification:_identify(/home/jh/Dev/dp3_chart_sim_ws/src/DP3_Chart_Simulation) by extension 'ignore'
[0.365s] Level 1:colcon.colcon_core.package_identification:_identify(/home/jh/Dev/dp3_chart_sim_ws/src/DP3_Chart_Simulation) by extension 'ignore_ament_install'
[0.365s] Level 1:colcon.colcon_core.package_identification:_identify(/home/jh/Dev/dp3_chart_sim_ws/src/DP3_Chart_Simulation) by extensions ['colcon_pkg']
[0.365s] Level 1:colcon.colcon_core.package_identification:_identify(/home/jh/Dev/dp3_chart_sim_ws/src/DP3_Chart_Simulation) by extension 'colcon_pkg'
[0.366s] Level 1:colcon.colcon_core.package_identification:_identify(/home/jh/Dev/dp3_chart_sim_ws/src/DP3_Chart_Simulation) by extensions ['colcon_meta']
[0.366s] Level 1:colcon.colcon_core.package_identification:_identify(/home/jh/Dev/dp3_chart_sim_ws/src/DP3_Chart_Simulation) by extension 'colcon_meta'
[0.366s] Level 1:colcon.colcon_core.package_identification:_identify(/home/jh/Dev/dp3_chart_sim_ws/src/DP3_Chart_Simulation) by extensions ['ros']
[0.366s] Level 1:colcon.colcon_core.package_identification:_identify(/home/jh/Dev/dp3_chart_sim_ws/src/DP3_Chart_Simulation) by extension 'ros'
[0.378s] Level 1:colcon.colcon_core.package_identification:_identify(/home/jh/Dev/dp3_chart_sim_ws/src/DP3_Chart_Simulation) by extensions ['cmake', 'python']
[0.378s] Level 1:colcon.colcon_core.package_identification:_identify(/home/jh/Dev/dp3_chart_sim_ws/src/DP3_Chart_Simulation) by extension 'cmake'
[0.378s] Level 1:colcon.colcon_core.package_identification:_identify(/home/jh/Dev/dp3_chart_sim_ws/src/DP3_Chart_Simulation) by extension 'python'
[0.378s] Level 1:colcon.colcon_core.package_identification:_identify(/home/jh/Dev/dp3_chart_sim_ws/src/DP3_Chart_Simulation) by extensions ['python_setup_py']
[0.378s] Level 1:colcon.colcon_core.package_identification:_identify(/home/jh/Dev/dp3_chart_sim_ws/src/DP3_Chart_Simulation) by extension 'python_setup_py'
[0.378s] Level 1:colcon.colcon_core.package_identification:_identify(/home/jh/Dev/dp3_chart_sim_ws/src/DP3_Chart_Simulation/chart) by extensions ['ignore', 'ignore_ament_install']
[0.378s] Level 1:colcon.colcon_core.package_identification:_identify(/home/jh/Dev/dp3_chart_sim_ws/src/DP3_Chart_Simulation/chart) by extension 'ignore'
[0.378s] Level 1:colcon.colcon_core.package_identification:_identify(/home/jh/Dev/dp3_chart_sim_ws/src/DP3_Chart_Simulation/chart) by extension 'ignore_ament_install'
[0.379s] Level 1:colcon.colcon_core.package_identification:_identify(/home/jh/Dev/dp3_chart_sim_ws/src/DP3_Chart_Simulation/chart) by extensions ['colcon_pkg']
[0.379s] Level 1:colcon.colcon_core.package_identification:_identify(/home/jh/Dev/dp3_chart_sim_ws/src/DP3_Chart_Simulation/chart) by extension 'colcon_pkg'
[0.379s] Level 1:colcon.colcon_core.package_identification:_identify(/home/jh/Dev/dp3_chart_sim_ws/src/DP3_Chart_Simulation/chart) by extensions ['colcon_meta']
[0.379s] Level 1:colcon.colcon_core.package_identification:_identify(/home/jh/Dev/dp3_chart_sim_ws/src/DP3_Chart_Simulation/chart) by extension 'colcon_meta'
[0.379s] Level 1:colcon.colcon_core.package_identification:_identify(/home/jh/Dev/dp3_chart_sim_ws/src/DP3_Chart_Simulation/chart) by extensions ['ros']
[0.379s] Level 1:colcon.colcon_core.package_identification:_identify(/home/jh/Dev/dp3_chart_sim_ws/src/DP3_Chart_Simulation/chart) by extension 'ros'
[0.379s] Level 1:colcon.colcon_core.package_identification:_identify(/home/jh/Dev/dp3_chart_sim_ws/src/DP3_Chart_Simulation/chart) by extensions ['cmake', 'python']
[0.379s] Level 1:colcon.colcon_core.package_identification:_identify(/home/jh/Dev/dp3_chart_sim_ws/src/DP3_Chart_Simulation/chart) by extension 'cmake'
[0.379s] Level 1:colcon.colcon_core.package_identification:_identify(/home/jh/Dev/dp3_chart_sim_ws/src/DP3_Chart_Simulation/chart) by extension 'python'
[0.379s] Level 1:colcon.colcon_core.package_identification:_identify(/home/jh/Dev/dp3_chart_sim_ws/src/DP3_Chart_Simulation/chart) by extensions ['python_setup_py']
[0.379s] Level 1:colcon.colcon_core.package_identification:_identify(/home/jh/Dev/dp3_chart_sim_ws/src/DP3_Chart_Simulation/chart) by extension 'python_setup_py'
[0.379s] Level 1:colcon.colcon_core.package_identification:_identify(/home/jh/Dev/dp3_chart_sim_ws/src/DP3_Chart_Simulation/chart_demos) by extensions ['ignore', 'ignore_ament_install']
[0.380s] Level 1:colcon.colcon_core.package_identification:_identify(/home/jh/Dev/dp3_chart_sim_ws/src/DP3_Chart_Simulation/chart_demos) by extension 'ignore'
[0.380s] Level 1:colcon.colcon_core.package_identification:_identify(/home/jh/Dev/dp3_chart_sim_ws/src/DP3_Chart_Simulation/chart_demos) by extension 'ignore_ament_install'
[0.380s] Level 1:colcon.colcon_core.package_identification:_identify(/home/jh/Dev/dp3_chart_sim_ws/src/DP3_Chart_Simulation/chart_demos) by extensions ['colcon_pkg']
[0.380s] Level 1:colcon.colcon_core.package_identification:_identify(/home/jh/Dev/dp3_chart_sim_ws/src/DP3_Chart_Simulation/chart_demos) by extension 'colcon_pkg'
[0.380s] Level 1:colcon.colcon_core.package_identification:_identify(/home/jh/Dev/dp3_chart_sim_ws/src/DP3_Chart_Simulation/chart_demos) by extensions ['colcon_meta']
[0.380s] Level 1:colcon.colcon_core.package_identification:_identify(/home/jh/Dev/dp3_chart_sim_ws/src/DP3_Chart_Simulation/chart_demos) by extension 'colcon_meta'
[0.380s] Level 1:colcon.colcon_core.package_identification:_identify(/home/jh/Dev/dp3_chart_sim_ws/src/DP3_Chart_Simulation/chart_demos) by extensions ['ros']
[0.380s] Level 1:colcon.colcon_core.package_identification:_identify(/home/jh/Dev/dp3_chart_sim_ws/src/DP3_Chart_Simulation/chart_demos) by extension 'ros'
[0.383s] DEBUG:colcon.colcon_core.package_identification:Package '/home/jh/Dev/dp3_chart_sim_ws/src/DP3_Chart_Simulation/chart_demos' with type 'ros.ament_cmake' and name 'chart_demos'
[0.383s] Level 1:colcon.colcon_core.package_identification:_identify(/home/jh/Dev/dp3_chart_sim_ws/src/DP3_Chart_Simulation/log) by extensions ['ignore', 'ignore_ament_install']
[0.383s] Level 1:colcon.colcon_core.package_identification:_identify(/home/jh/Dev/dp3_chart_sim_ws/src/DP3_Chart_Simulation/log) by extension 'ignore'
[0.384s] Level 1:colcon.colcon_core.package_identification:_identify(/home/jh/Dev/dp3_chart_sim_ws/src/DP3_Chart_Simulation/log) ignored
[0.384s] Level 1:colcon.colcon_core.package_identification:_identify(/home/jh/Dev/dp3_chart_sim_ws/src/DP3_Chart_Simulation/rmf_chart_demos_assets) by extensions ['ignore', 'ignore_ament_install']
[0.384s] Level 1:colcon.colcon_core.package_identification:_identify(/home/jh/Dev/dp3_chart_sim_ws/src/DP3_Chart_Simulation/rmf_chart_demos_assets) by extension 'ignore'
[0.384s] Level 1:colcon.colcon_core.package_identification:_identify(/home/jh/Dev/dp3_chart_sim_ws/src/DP3_Chart_Simulation/rmf_chart_demos_assets) by extension 'ignore_ament_install'
[0.384s] Level 1:colcon.colcon_core.package_identification:_identify(/home/jh/Dev/dp3_chart_sim_ws/src/DP3_Chart_Simulation/rmf_chart_demos_assets) by extensions ['colcon_pkg']
[0.384s] Level 1:colcon.colcon_core.package_identification:_identify(/home/jh/Dev/dp3_chart_sim_ws/src/DP3_Chart_Simulation/rmf_chart_demos_assets) by extension 'colcon_pkg'
[0.384s] Level 1:colcon.colcon_core.package_identification:_identify(/home/jh/Dev/dp3_chart_sim_ws/src/DP3_Chart_Simulation/rmf_chart_demos_assets) by extensions ['colcon_meta']
[0.384s] Level 1:colcon.colcon_core.package_identification:_identify(/home/jh/Dev/dp3_chart_sim_ws/src/DP3_Chart_Simulation/rmf_chart_demos_assets) by extension 'colcon_meta'
[0.384s] Level 1:colcon.colcon_core.package_identification:_identify(/home/jh/Dev/dp3_chart_sim_ws/src/DP3_Chart_Simulation/rmf_chart_demos_assets) by extensions ['ros']
[0.384s] Level 1:colcon.colcon_core.package_identification:_identify(/home/jh/Dev/dp3_chart_sim_ws/src/DP3_Chart_Simulation/rmf_chart_demos_assets) by extension 'ros'
[0.385s] DEBUG:colcon.colcon_core.package_identification:Package '/home/jh/Dev/dp3_chart_sim_ws/src/DP3_Chart_Simulation/rmf_chart_demos_assets' with type 'ros.ament_cmake' and name 'rmf_chart_demos_assets'
[0.385s] Level 1:colcon.colcon_core.package_identification:_identify(/home/jh/Dev/dp3_chart_sim_ws/src/DP3_Chart_Simulation/rmf_chart_demos_maps) by extensions ['ignore', 'ignore_ament_install']
[0.385s] Level 1:colcon.colcon_core.package_identification:_identify(/home/jh/Dev/dp3_chart_sim_ws/src/DP3_Chart_Simulation/rmf_chart_demos_maps) by extension 'ignore'
[0.385s] Level 1:colcon.colcon_core.package_identification:_identify(/home/jh/Dev/dp3_chart_sim_ws/src/DP3_Chart_Simulation/rmf_chart_demos_maps) by extension 'ignore_ament_install'
[0.385s] Level 1:colcon.colcon_core.package_identification:_identify(/home/jh/Dev/dp3_chart_sim_ws/src/DP3_Chart_Simulation/rmf_chart_demos_maps) by extensions ['colcon_pkg']
[0.385s] Level 1:colcon.colcon_core.package_identification:_identify(/home/jh/Dev/dp3_chart_sim_ws/src/DP3_Chart_Simulation/rmf_chart_demos_maps) by extension 'colcon_pkg'
[0.385s] Level 1:colcon.colcon_core.package_identification:_identify(/home/jh/Dev/dp3_chart_sim_ws/src/DP3_Chart_Simulation/rmf_chart_demos_maps) by extensions ['colcon_meta']
[0.385s] Level 1:colcon.colcon_core.package_identification:_identify(/home/jh/Dev/dp3_chart_sim_ws/src/DP3_Chart_Simulation/rmf_chart_demos_maps) by extension 'colcon_meta'
[0.385s] Level 1:colcon.colcon_core.package_identification:_identify(/home/jh/Dev/dp3_chart_sim_ws/src/DP3_Chart_Simulation/rmf_chart_demos_maps) by extensions ['ros']
[0.385s] Level 1:colcon.colcon_core.package_identification:_identify(/home/jh/Dev/dp3_chart_sim_ws/src/DP3_Chart_Simulation/rmf_chart_demos_maps) by extension 'ros'
[0.386s] DEBUG:colcon.colcon_core.package_identification:Package '/home/jh/Dev/dp3_chart_sim_ws/src/DP3_Chart_Simulation/rmf_chart_demos_maps' with type 'ros.ament_cmake' and name 'rmf_chart_demos_maps'
[0.386s] Level 1:colcon.colcon_core.package_identification:_identify(/home/jh/Dev/dp3_chart_sim_ws/src/DP3_Chart_Simulation/rtls_gazebo_plugin) by extensions ['ignore', 'ignore_ament_install']
[0.386s] Level 1:colcon.colcon_core.package_identification:_identify(/home/jh/Dev/dp3_chart_sim_ws/src/DP3_Chart_Simulation/rtls_gazebo_plugin) by extension 'ignore'
[0.386s] Level 1:colcon.colcon_core.package_identification:_identify(/home/jh/Dev/dp3_chart_sim_ws/src/DP3_Chart_Simulation/rtls_gazebo_plugin) by extension 'ignore_ament_install'
[0.387s] Level 1:colcon.colcon_core.package_identification:_identify(/home/jh/Dev/dp3_chart_sim_ws/src/DP3_Chart_Simulation/rtls_gazebo_plugin) by extensions ['colcon_pkg']
[0.387s] Level 1:colcon.colcon_core.package_identification:_identify(/home/jh/Dev/dp3_chart_sim_ws/src/DP3_Chart_Simulation/rtls_gazebo_plugin) by extension 'colcon_pkg'
[0.387s] Level 1:colcon.colcon_core.package_identification:_identify(/home/jh/Dev/dp3_chart_sim_ws/src/DP3_Chart_Simulation/rtls_gazebo_plugin) by extensions ['colcon_meta']
[0.387s] Level 1:colcon.colcon_core.package_identification:_identify(/home/jh/Dev/dp3_chart_sim_ws/src/DP3_Chart_Simulation/rtls_gazebo_plugin) by extension 'colcon_meta'
[0.387s] Level 1:colcon.colcon_core.package_identification:_identify(/home/jh/Dev/dp3_chart_sim_ws/src/DP3_Chart_Simulation/rtls_gazebo_plugin) by extensions ['ros']
[0.387s] Level 1:colcon.colcon_core.package_identification:_identify(/home/jh/Dev/dp3_chart_sim_ws/src/DP3_Chart_Simulation/rtls_gazebo_plugin) by extension 'ros'
[0.387s] DEBUG:colcon.colcon_core.package_identification:Package '/home/jh/Dev/dp3_chart_sim_ws/src/DP3_Chart_Simulation/rtls_gazebo_plugin' with type 'ros.ament_cmake' and name 'rtls_gazebo_plugin'
[0.387s] Level 1:colcon.colcon_core.package_identification:_identify(/home/jh/Dev/dp3_chart_sim_ws/src/DP3_Chart_Simulation/tracking_database) by extensions ['ignore', 'ignore_ament_install']
[0.388s] Level 1:colcon.colcon_core.package_identification:_identify(/home/jh/Dev/dp3_chart_sim_ws/src/DP3_Chart_Simulation/tracking_database) by extension 'ignore'
[0.388s] Level 1:colcon.colcon_core.package_identification:_identify(/home/jh/Dev/dp3_chart_sim_ws/src/DP3_Chart_Simulation/tracking_database) by extension 'ignore_ament_install'
[0.388s] Level 1:colcon.colcon_core.package_identification:_identify(/home/jh/Dev/dp3_chart_sim_ws/src/DP3_Chart_Simulation/tracking_database) by extensions ['colcon_pkg']
[0.388s] Level 1:colcon.colcon_core.package_identification:_identify(/home/jh/Dev/dp3_chart_sim_ws/src/DP3_Chart_Simulation/tracking_database) by extension 'colcon_pkg'
[0.388s] Level 1:colcon.colcon_core.package_identification:_identify(/home/jh/Dev/dp3_chart_sim_ws/src/DP3_Chart_Simulation/tracking_database) by extensions ['colcon_meta']
[0.388s] Level 1:colcon.colcon_core.package_identification:_identify(/home/jh/Dev/dp3_chart_sim_ws/src/DP3_Chart_Simulation/tracking_database) by extension 'colcon_meta'
[0.388s] Level 1:colcon.colcon_core.package_identification:_identify(/home/jh/Dev/dp3_chart_sim_ws/src/DP3_Chart_Simulation/tracking_database) by extensions ['ros']
[0.388s] Level 1:colcon.colcon_core.package_identification:_identify(/home/jh/Dev/dp3_chart_sim_ws/src/DP3_Chart_Simulation/tracking_database) by extension 'ros'
[0.389s] DEBUG:colcon.colcon_core.package_identification:Package '/home/jh/Dev/dp3_chart_sim_ws/src/DP3_Chart_Simulation/tracking_database' with type 'ros.ament_python' and name 'tracking_database'
[0.389s] Level 1:colcon.colcon_core.package_discovery:discover_packages(recursive) using defaults
